<?xml version="1.0" encoding="UTF-8"?>
<testng-results ignored="0" total="0" passed="0" failed="0" skipped="0">
  <reporter-output>
  </reporter-output>
  <suite started-at="2022-04-28T08:15:16Z" name="Default suite" finished-at="2022-04-28T08:15:18Z" duration-ms="2042">
    <groups>
      <group name="cucumber">
        <method signature="AbstractTestNGCucumberTests.runScenario(io.cucumber.testng.PickleWrapper, io.cucumber.testng.FeatureWrapper)[pri:0, instance:testrunners.ParallelRunT@7a55af6b]" name="runScenario" class="io.cucumber.testng.AbstractTestNGCucumberTests"/>
      </group> <!-- cucumber -->
    </groups>
    <test started-at="2022-04-28T08:15:16Z" name="Default test" finished-at="2022-04-28T08:15:18Z" duration-ms="2042">
      <class name="testrunners.ParallelRunT">
        <test-method is-config="true" signature="setUpClass()[pri:0, instance:testrunners.ParallelRunT@7a55af6b]" started-at="2022-04-28T08:15:16Z" name="setUpClass" finished-at="2022-04-28T08:15:17Z" duration-ms="527" status="PASS">
          <reporter-output>
          </reporter-output>
        </test-method> <!-- setUpClass -->
        <test-method is-config="true" signature="tearDownClass()[pri:0, instance:testrunners.ParallelRunT@7a55af6b]" started-at="2022-04-28T08:15:17Z" name="tearDownClass" finished-at="2022-04-28T08:15:18Z" duration-ms="1498" status="PASS">
          <reporter-output>
          </reporter-output>
        </test-method> <!-- tearDownClass -->
      </class> <!-- testrunners.ParallelRunT -->
    </test> <!-- Default test -->
  </suite> <!-- Default suite -->
</testng-results>
